-------------------------------------------------------------------------------
Test set: runners.Runner
-------------------------------------------------------------------------------
Tests run: 8, Failures: 1, Errors: 0, Skipped: 0, Time elapsed: 95.118 s <<< FAILURE! - in runners.Runner
Validate Wiki search(Wiki Search Functionality)  Time elapsed: 8.351 s  <<< FAILURE!
java.lang.AssertionError

